C:\CYGWIN64\HOME\컴응미니게임과제\DEBUG\컴응미니게임과제.EXE
C:\CYGWIN64\HOME\컴응미니게임과제\DEBUG\컴응미니게임과제.ILK
C:\CYGWIN64\HOME\컴응미니게임과제\DEBUG\컴응미니게임과제.PDB
C:\cygwin64\home\컴응미니게임과제\컴응미니게임과제\Debug\cl.command.1.tlog
C:\cygwin64\home\컴응미니게임과제\컴응미니게임과제\Debug\CL.read.1.tlog
C:\cygwin64\home\컴응미니게임과제\컴응미니게임과제\Debug\CL.write.1.tlog
C:\cygwin64\home\컴응미니게임과제\컴응미니게임과제\Debug\link.5812.read.1.tlog
C:\cygwin64\home\컴응미니게임과제\컴응미니게임과제\Debug\link.5812.write.1.tlog
C:\cygwin64\home\컴응미니게임과제\컴응미니게임과제\Debug\link.5812-cvtres.read.1.tlog
C:\cygwin64\home\컴응미니게임과제\컴응미니게임과제\Debug\link.5812-cvtres.write.1.tlog
C:\cygwin64\home\컴응미니게임과제\컴응미니게임과제\Debug\link.command.1.tlog
C:\cygwin64\home\컴응미니게임과제\컴응미니게임과제\Debug\link.read.1.tlog
C:\cygwin64\home\컴응미니게임과제\컴응미니게임과제\Debug\link.write.1.tlog
C:\cygwin64\home\컴응미니게임과제\컴응미니게임과제\Debug\link-cvtres.read.1.tlog
C:\cygwin64\home\컴응미니게임과제\컴응미니게임과제\Debug\link-cvtres.write.1.tlog
C:\CYGWIN64\HOME\컴응미니게임과제\컴응미니게임과제\DEBUG\MAIN.OBJ
C:\cygwin64\home\컴응미니게임과제\컴응미니게임과제\Debug\mt.command.1.tlog
C:\cygwin64\home\컴응미니게임과제\컴응미니게임과제\Debug\mt.read.1.tlog
C:\cygwin64\home\컴응미니게임과제\컴응미니게임과제\Debug\mt.write.1.tlog
C:\cygwin64\home\컴응미니게임과제\컴응미니게임과제\Debug\rc.command.1.tlog
C:\cygwin64\home\컴응미니게임과제\컴응미니게임과제\Debug\rc.read.1.tlog
C:\cygwin64\home\컴응미니게임과제\컴응미니게임과제\Debug\rc.write.1.tlog
C:\cygwin64\home\컴응미니게임과제\컴응미니게임과제\Debug\vc100.idb
C:\CYGWIN64\HOME\컴응미니게임과제\컴응미니게임과제\DEBUG\VC100.PDB
C:\CYGWIN64\HOME\컴응미니게임과제\컴응미니게임과제\DEBUG\컴응미니게임과제.EXE.EMBED.MANIFEST
C:\CYGWIN64\HOME\컴응미니게임과제\컴응미니게임과제\DEBUG\컴응미니게임과제.EXE.EMBED.MANIFEST.RES
C:\CYGWIN64\HOME\컴응미니게임과제\컴응미니게임과제\DEBUG\컴응미니게임과제.EXE.INTERMEDIATE.MANIFEST
C:\cygwin64\home\컴응미니게임과제\컴응미니게임과제\Debug\컴응미니게임과제_manifest.rc
